<?xml version="1.0" encoding="utf-8"?><testsuites><testsuite name="pytest" errors="0" failures="0" skipped="0" tests="1" time="0.586" timestamp="2021-04-20T10:31:33.711406" hostname="dell-tux"><testcase classname="test_core.Test" name="test_get" time="0.068" /></testsuite></testsuites>